<?xml version="1.0" encoding="UTF-8"?>
<testsuites name="ConcurSearch" time="53" tests="1" failures="0" errors="0">
   <testsuite name="ConcurSearch" tests="1" failures="0" errors="0" time="53" timestamp="2018-04-12 15:05:19" hostname="rdavilac - CAPAGS-EC0842.corp.capgemini.com" id="Test Suites/ConcurSearch">
      <properties>
         <property name="deviceName" value=""/>
         <property name="devicePlatform" value=""/>
         <property name="logFolder" value="C:\\Users\\rdavilac\\git\\katalon_test\\Reports\\ConcurSearch\\20180412_150517"/>
         <property name="logFiles" value="C:\\Users\\rdavilac\\git\\katalon_test\\Reports\\ConcurSearch\\20180412_150517\\execution0.log"/>
         <property name="attachments" value=""/>
         <property name="hostName" value="rdavilac - CAPAGS-EC0842.corp.capgemini.com"/>
         <property name="os" value="Windows 10 64bit"/>
         <property name="katalonVersion" value="5.3.0.1"/>
         <property name="browser" value="Chrome 65.0.3325.181"/>
         <property name="hostAddress" value="10.128.98.101"/>
         <property name="sessionId" value="729e146cf911a345b6dac97981f92c24"/>
         <property name="seleniumVersion" value="3.7.1"/>
         <property name="proxyInformation" value="ProxyInformation{proxyOption=NO_PROXY, proxyServerType=HTTP, password=, proxyServerAddress=, proxyServerPort=0}"/>
         <property name="platform" value="Windows 10"/>
      </properties>
      <testcase name="Test Cases/Concur_Seach_1" classname="Test Cases/Concur_Seach_1" status="PASSED">
         <system-out><![CDATA[2018-04-12 15:05:19 - [TEST_CASE][PASSED] - Test Cases/Concur_Seach_1: Test Cases/Concur_Seach_1

2018-04-12 15:05:20 - [TEST_STEP][PASSED] - openBrowser: Browser is opened with url: ''

2018-04-12 15:05:24 - [MESSAGE][PASSED] - Browser is opened with url: ''

2018-04-12 15:05:24 - [TEST_STEP][PASSED] - navigateToUrl: Navigate to 'https://www.concursolutions.com/' successfully

2018-04-12 15:05:26 - [MESSAGE][PASSED] - Navigate to 'https://www.concursolutions.com/' successfully

2018-04-12 15:05:26 - [TEST_STEP][PASSED] - setText: Text 'rodrigo_davila-cedillo@capgemini.com' is set on object 'Object Repository/Concur_search/Page_Sign in to Concur  Concur Solu/input_userid'

2018-04-12 15:05:27 - [MESSAGE][PASSED] - Text 'rodrigo_davila-cedillo@capgemini.com' is set on object 'Object Repository/Concur_search/Page_Sign in to Concur  Concur Solu/input_userid'

2018-04-12 15:05:27 - [TEST_STEP][PASSED] - setText: Text 'Capgemini91' is set on object 'Object Repository/Concur_search/Page_Sign in to Concur  Concur Solu/input_password'

2018-04-12 15:05:27 - [MESSAGE][PASSED] - Text 'Capgemini91' is set on object 'Object Repository/Concur_search/Page_Sign in to Concur  Concur Solu/input_password'

2018-04-12 15:05:27 - [TEST_STEP][PASSED] - click: Object: 'Object Repository/Concur_search/Page_Sign in to Concur  Concur Solu/input_btnSubmit' is clicked on

2018-04-12 15:05:32 - [MESSAGE][PASSED] - Object: 'Object Repository/Concur_search/Page_Sign in to Concur  Concur Solu/input_btnSubmit' is clicked on

2018-04-12 15:05:32 - [TEST_STEP][PASSED] - click: Object: 'Object Repository/Concur_search/Page_Home/input_fltDepCityDisplay0' is clicked on

2018-04-12 15:05:32 - [MESSAGE][PASSED] - Object: 'Object Repository/Concur_search/Page_Home/input_fltDepCityDisplay0' is clicked on

2018-04-12 15:05:32 - [TEST_STEP][PASSED] - setText: Text 'Aguascalientes' is set on object 'Object Repository/Concur_search/Page_Home/input_fltDepCityDisplay0'

2018-04-12 15:05:33 - [MESSAGE][PASSED] - Text 'Aguascalientes' is set on object 'Object Repository/Concur_search/Page_Home/input_fltDepCityDisplay0'

2018-04-12 15:05:33 - [TEST_STEP][PASSED] - click: Object: 'Object Repository/Concur_search/Page_Home/a_AGU Aguascalientes AirportAg' is clicked on

2018-04-12 15:05:34 - [MESSAGE][PASSED] - Object: 'Object Repository/Concur_search/Page_Home/a_AGU Aguascalientes AirportAg' is clicked on

2018-04-12 15:05:34 - [TEST_STEP][PASSED] - click: Object: 'Object Repository/Concur_search/Page_Home/input_fltArrCityDisplay0' is clicked on

2018-04-12 15:05:35 - [MESSAGE][PASSED] - Object: 'Object Repository/Concur_search/Page_Home/input_fltArrCityDisplay0' is clicked on

2018-04-12 15:05:35 - [TEST_STEP][PASSED] - setText: Text 'new york' is set on object 'Object Repository/Concur_search/Page_Home/input_fltArrCityDisplay0'

2018-04-12 15:05:35 - [MESSAGE][PASSED] - Text 'new york' is set on object 'Object Repository/Concur_search/Page_Home/input_fltArrCityDisplay0'

2018-04-12 15:05:35 - [TEST_STEP][PASSED] - click: Object: 'Object Repository/Concur_search/Page_Home/a_NYC New York Area AirportsNe' is clicked on

2018-04-12 15:05:36 - [MESSAGE][PASSED] - Object: 'Object Repository/Concur_search/Page_Home/a_NYC New York Area AirportsNe' is clicked on

2018-04-12 15:05:36 - [TEST_STEP][PASSED] - setText: Text '08/08/2018' is set on object 'Object Repository/Concur_search/Page_Home/input_fltDate0'

2018-04-12 15:05:37 - [MESSAGE][PASSED] - Text '08/08/2018' is set on object 'Object Repository/Concur_search/Page_Home/input_fltDate0'

2018-04-12 15:05:37 - [TEST_STEP][PASSED] - selectOptionByValue: All options with value ' 9' are selected in object 'Object Repository/Concur_search/Page_Home/select_MorningAfternoonEvening'  using regular expression

2018-04-12 15:05:38 - [MESSAGE][PASSED] - All options with value ' 9' are selected in object 'Object Repository/Concur_search/Page_Home/select_MorningAfternoonEvening'  using regular expression

2018-04-12 15:05:38 - [TEST_STEP][PASSED] - doubleClick: Object: 'Object Repository/Concur_search/Page_Home/input_fltDate1' is double clicked on

2018-04-12 15:05:38 - [MESSAGE][PASSED] - Object: 'Object Repository/Concur_search/Page_Home/input_fltDate1' is double clicked on

2018-04-12 15:05:38 - [TEST_STEP][PASSED] - setText: Text '10/10/2018' is set on object 'Object Repository/Concur_search/Page_Home/input_fltDate1'

2018-04-12 15:05:39 - [MESSAGE][PASSED] - Text '10/10/2018' is set on object 'Object Repository/Concur_search/Page_Home/input_fltDate1'

2018-04-12 15:05:39 - [TEST_STEP][PASSED] - selectOptionByValue: All options with value ' 21' are selected in object 'Object Repository/Concur_search/Page_Home/select_MorningAfternoonEvening_1'  using regular expression

2018-04-12 15:05:39 - [MESSAGE][PASSED] - All options with value ' 21' are selected in object 'Object Repository/Concur_search/Page_Home/select_MorningAfternoonEvening_1'  using regular expression

2018-04-12 15:05:39 - [TEST_STEP][PASSED] - click: Object: 'Object Repository/Concur_search/Page_Home/button_Search' is clicked on

2018-04-12 15:05:41 - [MESSAGE][PASSED] - Object: 'Object Repository/Concur_search/Page_Home/button_Search' is clicked on

2018-04-12 15:05:41 - [TEST_STEP][PASSED] - click: Object: 'Object Repository/Concur_search/Page_Concur Travel - Air Search Res/button_MXN32857.00' is clicked on

2018-04-12 15:06:06 - [MESSAGE][PASSED] - Object: 'Object Repository/Concur_search/Page_Concur Travel - Air Search Res/button_MXN32857.00' is clicked on

2018-04-12 15:06:06 - [TEST_STEP][PASSED] - click: Object: 'Object Repository/Concur_search/Page_Concur Travel - Air Search Res/div_function submit_form(hasre' is clicked on

2018-04-12 15:06:10 - [MESSAGE][PASSED] - Object: 'Object Repository/Concur_search/Page_Concur Travel - Air Search Res/div_function submit_form(hasre' is clicked on

2018-04-12 15:06:10 - [TEST_STEP][PASSED] - setText: Text 'this is just a test :)' is set on object 'Object Repository/Concur_search/Page_Concur Travel - Air Search Res/textarea_brokenrulejustificati'

2018-04-12 15:06:10 - [MESSAGE][PASSED] - Text 'this is just a test :)' is set on object 'Object Repository/Concur_search/Page_Concur Travel - Air Search Res/textarea_brokenrulejustificati'

2018-04-12 15:06:10 - [TEST_STEP][PASSED] - selectOptionByValue: All options with value '973494' are selected in object 'Object Repository/Concur_search/Page_Concur Travel - Air Search Res/select_-- Please Choose a Reas'  using regular expression

2018-04-12 15:06:11 - [MESSAGE][PASSED] - All options with value '973494' are selected in object 'Object Repository/Concur_search/Page_Concur Travel - Air Search Res/select_-- Please Choose a Reas'  using regular expression

2018-04-12 15:06:11 - [TEST_STEP][PASSED] - click: Object: 'Object Repository/Concur_search/Page_Concur Travel - Air Search Res/input_btnSave' is clicked on

2018-04-12 15:06:11 - [MESSAGE][PASSED] - Object: 'Object Repository/Concur_search/Page_Concur Travel - Air Search Res/input_btnSave' is clicked on

2018-04-12 15:06:11 - [TEST_STEP][PASSED] - closeBrowser: Browser is closed

2018-04-12 15:06:12 - [MESSAGE][PASSED] - Browser is closed]]></system-out>
         <system-err><![CDATA[]]></system-err>
      </testcase>
      <system-out><![CDATA[2018-04-12 15:05:19 - [TEST_SUITE][PASSED] - ConcurSearch: Test Cases/Concur_Seach_1]]></system-out>
      <system-err><![CDATA[]]></system-err>
   </testsuite>
</testsuites>
